[GIN-debug] [WARNING] Running in "debug" mode. Switch to "release" mode in production.
 - using env:	export GIN_MODE=release
 - using code:	gin.SetMode(gin.ReleaseMode)

[GIN-debug] POST   /api/auth/signup          --> github.com/IshanSaha05/jwt_authentication_rest_api/pkg/routes.AuthRoutes.SignUp.func1 (3 handlers)
[GIN-debug] POST   /api/auth/login           --> github.com/IshanSaha05/jwt_authentication_rest_api/pkg/routes.AuthRoutes.Login.func2 (3 handlers)
[GIN-debug] GET    /api/notes                --> github.com/IshanSaha05/jwt_authentication_rest_api/pkg/routes.NotesRoutes.GetAllNotes.func3 (5 handlers)
[GIN-debug] GET    /api/notes/:id            --> github.com/IshanSaha05/jwt_authentication_rest_api/pkg/routes.NotesRoutes.GetNotesByID.func4 (5 handlers)
[GIN-debug] POST   /api/notes                --> github.com/IshanSaha05/jwt_authentication_rest_api/pkg/routes.NotesRoutes.CreateNotes.func5 (5 handlers)
[GIN-debug] PUT    /api/notes/:id            --> github.com/IshanSaha05/jwt_authentication_rest_api/pkg/routes.NotesRoutes.UpdateNotesByID.func6 (5 handlers)
[GIN-debug] DELETE /api/notes/:id            --> github.com/IshanSaha05/jwt_authentication_rest_api/pkg/routes.NotesRoutes.DeleteNotesByID.func7 (5 handlers)
[GIN-debug] POST   /api/notes/:id/share      --> github.com/IshanSaha05/jwt_authentication_rest_api/pkg/routes.NotesRoutes.ShareNotesByID.func8 (5 handlers)
[GIN-debug] GET    /api/search?q=:query      --> github.com/IshanSaha05/jwt_authentication_rest_api/pkg/routes.NotesRoutes.SearchNotesByKeywords.func9 (5 handlers)
2024/01/20 19:22:08 main.go:36: Message: Running the server at port: 9000
[GIN-debug] [WARNING] You trusted all proxies, this is NOT safe. We recommend you to set a value.
Please check https://pkg.go.dev/github.com/gin-gonic/gin#readme-don-t-trust-all-proxies for details.
[GIN-debug] Listening and serving HTTP on :9000
2024/01/20 19:22:19 auth_controller.go:112: Message: Successful signing up of user with user id: 65abd0125fc7d9e9cab4e0f2 and user email id: ishansaha05@gmail.com
[GIN] 2024/01/20 - 19:22:19 | 200 |      1.63968s |             ::1 | POST     "/api/auth/signup"
 idle connections: 0, wait duration: 0s
[GIN-debug] [WARNING] Running in "debug" mode. Switch to "release" mode in production.
 - using env:	export GIN_MODE=release
 - using code:	gin.SetMode(gin.ReleaseMode)

[GIN-debug] POST   /api/auth/signup          --> github.com/IshanSaha05/jwt_authentication_rest_api/pkg/routes.AuthRoutes.SignUp.func1 (3 handlers)
[GIN-debug] POST   /api/auth/login           --> github.com/IshanSaha05/jwt_authentication_rest_api/pkg/routes.AuthRoutes.Login.func2 (3 handlers)
[GIN-debug] GET    /api/notes                --> github.com/IshanSaha05/jwt_authentication_rest_api/pkg/routes.NotesRoutes.GetAllNotes.func3 (5 handlers)
[GIN-debug] GET    /api/notes/:id            --> github.com/IshanSaha05/jwt_authentication_rest_api/pkg/routes.NotesRoutes.GetNotesByID.func4 (5 handlers)
[GIN-debug] POST   /api/notes                --> github.com/IshanSaha05/jwt_authentication_rest_api/pkg/routes.NotesRoutes.CreateNotes.func5 (5 handlers)
[GIN-debug] PUT    /api/notes/:id            --> github.com/IshanSaha05/jwt_authentication_rest_api/pkg/routes.NotesRoutes.UpdateNotesByID.func6 (5 handlers)
[GIN-debug] DELETE /api/notes/:id            --> github.com/IshanSaha05/jwt_authentication_rest_api/pkg/routes.NotesRoutes.DeleteNotesByID.func7 (5 handlers)
[GIN-debug] POST   /api/notes/:id/share      --> github.com/IshanSaha05/jwt_authentication_rest_api/pkg/routes.NotesRoutes.ShareNotesByID.func8 (5 handlers)
[GIN-debug] GET    /api/search?q=:query      --> github.com/IshanSaha05/jwt_authentication_rest_api/pkg/routes.NotesRoutes.SearchNotesByKeywords.func9 (5 handlers)
2024/01/20 19:25:15 main.go:36: Message: Running the server at port: 9000
[GIN-debug] [WARNING] You trusted all proxies, this is NOT safe. We recommend you to set a value.
Please check https://pkg.go.dev/github.com/gin-gonic/gin#readme-don-t-trust-all-proxies for details.
[GIN-debug] Listening and serving HTTP on :9000
2024/01/20 19:25:33 auth_controller.go:48: Error: Problem while finding whether the same user already exists in the database or not.
	Error: canceled while checking out a connection from connection pool: context canceled; total connections: 0, maxPoolSize: 100, idle connections: 0, wait duration: 0s
[GIN-debug] [WARNING] Running in "debug" mode. Switch to "release" mode in production.
 - using env:	export GIN_MODE=release
 - using code:	gin.SetMode(gin.ReleaseMode)

[GIN-debug] POST   /api/auth/signup          --> github.com/IshanSaha05/jwt_authentication_rest_api/pkg/routes.AuthRoutes.SignUp.func1 (3 handlers)
[GIN-debug] POST   /api/auth/login           --> github.com/IshanSaha05/jwt_authentication_rest_api/pkg/routes.AuthRoutes.Login.func2 (3 handlers)
[GIN-debug] GET    /api/notes                --> github.com/IshanSaha05/jwt_authentication_rest_api/pkg/routes.NotesRoutes.GetAllNotes.func3 (5 handlers)
[GIN-debug] GET    /api/notes/:id            --> github.com/IshanSaha05/jwt_authentication_rest_api/pkg/routes.NotesRoutes.GetNotesByID.func4 (5 handlers)
[GIN-debug] POST   /api/notes                --> github.com/IshanSaha05/jwt_authentication_rest_api/pkg/routes.NotesRoutes.CreateNotes.func5 (5 handlers)
[GIN-debug] PUT    /api/notes/:id            --> github.com/IshanSaha05/jwt_authentication_rest_api/pkg/routes.NotesRoutes.UpdateNotesByID.func6 (5 handlers)
[GIN-debug] DELETE /api/notes/:id            --> github.com/IshanSaha05/jwt_authentication_rest_api/pkg/routes.NotesRoutes.DeleteNotesByID.func7 (5 handlers)
[GIN-debug] POST   /api/notes/:id/share      --> github.com/IshanSaha05/jwt_authentication_rest_api/pkg/routes.NotesRoutes.ShareNotesByID.func8 (5 handlers)
[GIN-debug] GET    /api/search?q=:query      --> github.com/IshanSaha05/jwt_authentication_rest_api/pkg/routes.NotesRoutes.SearchNotesByKeywords.func9 (5 handlers)
2024/01/20 19:34:38 main.go:37: Message: Running the server at port: 9000
[GIN-debug] [WARNING] You trusted all proxies, this is NOT safe. We recommend you to set a value.
Please check https://pkg.go.dev/github.com/gin-gonic/gin#readme-don-t-trust-all-proxies for details.
[GIN-debug] Listening and serving HTTP on :9000
2024/01/20 19:34:51 auth_controller.go:112: Message: Successful signing up of user with user id: 65abd30305fc8dbf5a5b7ba4 and user email id: ishansaha05@gmail.com
[GIN] 2024/01/20 - 19:34:51 | 200 |    1.6120204s |             ::1 | POST     "/api/auth/signup"
2024/01/20 19:36:06 auth_controller.go:112: Message: Successful signing up of user with user id: 65abd34e05fc8dbf5a5b7ba6 and user email id: ishansahaofficial@gmail.com
[GIN] 2024/01/20 - 19:36:06 | 200 |    1.7367371s |             ::1 | POST     "/api/auth/signup"
[GIN-debug] [WARNING] Running in "debug" mode. Switch to "release" mode in production.
 - using env:	export GIN_MODE=release
 - using code:	gin.SetMode(gin.ReleaseMode)

[GIN-debug] POST   /api/auth/signup          --> github.com/IshanSaha05/jwt_authentication_rest_api/pkg/routes.AuthRoutes.SignUp.func1 (3 handlers)
[GIN-debug] POST   /api/auth/login           --> github.com/IshanSaha05/jwt_authentication_rest_api/pkg/routes.AuthRoutes.Login.func2 (3 handlers)
[GIN-debug] GET    /api/notes                --> github.com/IshanSaha05/jwt_authentication_rest_api/pkg/routes.NotesRoutes.GetAllNotes.func3 (5 handlers)
[GIN-debug] GET    /api/notes/:id            --> github.com/IshanSaha05/jwt_authentication_rest_api/pkg/routes.NotesRoutes.GetNotesByID.func4 (5 handlers)
[GIN-debug] POST   /api/notes                --> github.com/IshanSaha05/jwt_authentication_rest_api/pkg/routes.NotesRoutes.CreateNotes.func5 (5 handlers)
[GIN-debug] PUT    /api/notes/:id            --> github.com/IshanSaha05/jwt_authentication_rest_api/pkg/routes.NotesRoutes.UpdateNotesByID.func6 (5 handlers)
[GIN-debug] DELETE /api/notes/:id            --> github.com/IshanSaha05/jwt_authentication_rest_api/pkg/routes.NotesRoutes.DeleteNotesByID.func7 (5 handlers)
[GIN-debug] POST   /api/notes/:id/share      --> github.com/IshanSaha05/jwt_authentication_rest_api/pkg/routes.NotesRoutes.ShareNotesByID.func8 (5 handlers)
[GIN-debug] GET    /api/search?q=:query      --> github.com/IshanSaha05/jwt_authentication_rest_api/pkg/routes.NotesRoutes.SearchNotesByKeywords.func9 (5 handlers)
2024/01/20 20:23:25 main.go:37: Message: Running the server at port: 9000
[GIN-debug] [WARNING] You trusted all proxies, this is NOT safe. We recommend you to set a value.
Please check https://pkg.go.dev/github.com/gin-gonic/gin#readme-don-t-trust-all-proxies for details.
[GIN-debug] Listening and serving HTTP on :9000
[GIN-debug] [WARNING] Running in "debug" mode. Switch to "release" mode in production.
 - using env:	export GIN_MODE=release
 - using code:	gin.SetMode(gin.ReleaseMode)

[GIN-debug] POST   /api/auth/signup          --> github.com/IshanSaha05/jwt_authentication_rest_api/pkg/routes.AuthRoutes.SignUp.func1 (3 handlers)
[GIN-debug] POST   /api/auth/login           --> github.com/IshanSaha05/jwt_authentication_rest_api/pkg/routes.AuthRoutes.Login.func2 (3 handlers)
[GIN-debug] GET    /api/notes                --> github.com/IshanSaha05/jwt_authentication_rest_api/pkg/routes.NotesRoutes.GetAllNotes.func3 (5 handlers)
[GIN-debug] GET    /api/notes/:id            --> github.com/IshanSaha05/jwt_authentication_rest_api/pkg/routes.NotesRoutes.GetNotesByID.func4 (5 handlers)
[GIN-debug] POST   /api/notes                --> github.com/IshanSaha05/jwt_authentication_rest_api/pkg/routes.NotesRoutes.CreateNotes.func5 (5 handlers)
[GIN-debug] PUT    /api/notes/:id            --> github.com/IshanSaha05/jwt_authentication_rest_api/pkg/routes.NotesRoutes.UpdateNotesByID.func6 (5 handlers)
[GIN-debug] DELETE /api/notes/:id            --> github.com/IshanSaha05/jwt_authentication_rest_api/pkg/routes.NotesRoutes.DeleteNotesByID.func7 (5 handlers)
[GIN-debug] POST   /api/notes/:id/share      --> github.com/IshanSaha05/jwt_authentication_rest_api/pkg/routes.NotesRoutes.ShareNotesByID.func8 (5 handlers)
[GIN-debug] GET    /api/search?q=:query      --> github.com/IshanSaha05/jwt_authentication_rest_api/pkg/routes.NotesRoutes.SearchNotesByKeywords.func9 (5 handlers)
2024/01/20 20:24:58 main.go:37: Message: Running the server at port: 9000
[GIN-debug] [WARNING] You trusted all proxies, this is NOT safe. We recommend you to set a value.
Please check https://pkg.go.dev/github.com/gin-gonic/gin#readme-don-t-trust-all-proxies for details.
[GIN-debug] Listening and serving HTTP on :9000
2024/01/20 20:28:29 auth_controller.go:153: Error: Problem while decoding the found user.
	Error: timed out while checking out a connection from connection pool: context deadline exceeded; total connections: 0, maxPoolSize: 100, idle connections: 0, wait duration: 0s
[GIN-debug] [WARNING] Running in "debug" mode. Switch to "release" mode in production.
 - using env:	export GIN_MODE=release
 - using code:	gin.SetMode(gin.ReleaseMode)

[GIN-debug] POST   /api/auth/signup          --> github.com/IshanSaha05/jwt_authentication_rest_api/pkg/routes.AuthRoutes.SignUp.func1 (3 handlers)
[GIN-debug] POST   /api/auth/login           --> github.com/IshanSaha05/jwt_authentication_rest_api/pkg/routes.AuthRoutes.Login.func2 (3 handlers)
[GIN-debug] GET    /api/notes                --> github.com/IshanSaha05/jwt_authentication_rest_api/pkg/routes.NotesRoutes.GetAllNotes.func3 (5 handlers)
[GIN-debug] GET    /api/notes/:id            --> github.com/IshanSaha05/jwt_authentication_rest_api/pkg/routes.NotesRoutes.GetNotesByID.func4 (5 handlers)
[GIN-debug] POST   /api/notes                --> github.com/IshanSaha05/jwt_authentication_rest_api/pkg/routes.NotesRoutes.CreateNotes.func5 (5 handlers)
[GIN-debug] PUT    /api/notes/:id            --> github.com/IshanSaha05/jwt_authentication_rest_api/pkg/routes.NotesRoutes.UpdateNotesByID.func6 (5 handlers)
[GIN-debug] DELETE /api/notes/:id            --> github.com/IshanSaha05/jwt_authentication_rest_api/pkg/routes.NotesRoutes.DeleteNotesByID.func7 (5 handlers)
[GIN-debug] POST   /api/notes/:id/share      --> github.com/IshanSaha05/jwt_authentication_rest_api/pkg/routes.NotesRoutes.ShareNotesByID.func8 (5 handlers)
[GIN-debug] GET    /api/search?q=:query      --> github.com/IshanSaha05/jwt_authentication_rest_api/pkg/routes.NotesRoutes.SearchNotesByKeywords.func9 (5 handlers)
2024/01/20 20:30:15 main.go:37: Message: Running the server at port: 9000
[GIN-debug] [WARNING] You trusted all proxies, this is NOT safe. We recommend you to set a value.
Please check https://pkg.go.dev/github.com/gin-gonic/gin#readme-don-t-trust-all-proxies for details.
[GIN-debug] Listening and serving HTTP on :9000
2024/01/20 20:30:25 auth_controller_helper.go:102: Error: Problem while trying to update the field in the database.
2024/01/20 20:30:25 auth_controller.go:178: Error: Problem while updating the last login date for the user.
	Error: update document must contain key beginning with '$'
[GIN-debug] [WARNING] Running in "debug" mode. Switch to "release" mode in production.
 - using env:	export GIN_MODE=release
 - using code:	gin.SetMode(gin.ReleaseMode)

[GIN-debug] POST   /api/auth/signup          --> github.com/IshanSaha05/jwt_authentication_rest_api/pkg/routes.AuthRoutes.SignUp.func1 (3 handlers)
[GIN-debug] POST   /api/auth/login           --> github.com/IshanSaha05/jwt_authentication_rest_api/pkg/routes.AuthRoutes.Login.func2 (3 handlers)
[GIN-debug] GET    /api/notes                --> github.com/IshanSaha05/jwt_authentication_rest_api/pkg/routes.NotesRoutes.GetAllNotes.func3 (5 handlers)
[GIN-debug] GET    /api/notes/:id            --> github.com/IshanSaha05/jwt_authentication_rest_api/pkg/routes.NotesRoutes.GetNotesByID.func4 (5 handlers)
[GIN-debug] POST   /api/notes                --> github.com/IshanSaha05/jwt_authentication_rest_api/pkg/routes.NotesRoutes.CreateNotes.func5 (5 handlers)
[GIN-debug] PUT    /api/notes/:id            --> github.com/IshanSaha05/jwt_authentication_rest_api/pkg/routes.NotesRoutes.UpdateNotesByID.func6 (5 handlers)
[GIN-debug] DELETE /api/notes/:id            --> github.com/IshanSaha05/jwt_authentication_rest_api/pkg/routes.NotesRoutes.DeleteNotesByID.func7 (5 handlers)
[GIN-debug] POST   /api/notes/:id/share      --> github.com/IshanSaha05/jwt_authentication_rest_api/pkg/routes.NotesRoutes.ShareNotesByID.func8 (5 handlers)
[GIN-debug] GET    /api/search?q=:query      --> github.com/IshanSaha05/jwt_authentication_rest_api/pkg/routes.NotesRoutes.SearchNotesByKeywords.func9 (5 handlers)
2024/01/20 20:44:02 main.go:37: Message: Running the server at port: 9000
[GIN-debug] [WARNING] You trusted all proxies, this is NOT safe. We recommend you to set a value.
Please check https://pkg.go.dev/github.com/gin-gonic/gin#readme-don-t-trust-all-proxies for details.
[GIN-debug] Listening and serving HTTP on :9000
2024/01/20 20:44:59 auth_controller.go:111: Message: Successful signing up of user with user id: 65abe3738b334ce80599baa6 and user email id: ishansahaofficial@gmail.com
[GIN] 2024/01/20 - 20:44:59 | 200 |    1.3253962s |             ::1 | POST     "/api/auth/signup"
2024/01/20 20:45:28 auth_controller.go:186: Message: Successful logging up of user with user id:  and user email id: ishansahaofficial@gmail.com
[GIN] 2024/01/20 - 20:45:28 | 200 |    1.1376037s |             ::1 | POST     "/api/auth/login"
